2024-01-30 12:26:36,243 INFO main main_info - Aggiunta del mezzo riuscita con successo!
2024-01-30 12:39:07,911 INFO main main_info - Aggiunta del mezzo riuscita con successo!
2024-01-30 12:39:07,919 INFO main main_info - Aggiunta tratta riuscita con successo!
2024-01-30 12:41:38,715 INFO main main_info - Aggiunta del mezzo riuscita con successo!
2024-01-30 12:41:38,727 INFO main main_info - Aggiunta tratta riuscita con successo!
2024-01-30 12:48:42,908 INFO main main_info - Aggiunta del mezzo riuscita con successo!
2024-01-30 12:48:42,915 INFO main main_info - Aggiunta tratta riuscita con successo!
2024-01-30 12:48:42,922 INFO main main_info - Aggiunta manutenzione riuscita con successo!
2024-01-30 13:05:45,872 INFO main main_info - Aggiunta del mezzo riuscita con successo!
2024-01-30 13:05:45,878 INFO main main_info - Aggiunta tratta riuscita con successo!
2024-01-30 13:06:32,291 INFO main main_info - Aggiunta del mezzo riuscita con successo!
2024-01-30 13:06:32,301 INFO main main_info - Aggiunta tratta riuscita con successo!
2024-01-30 13:06:32,355 INFO main main_info - Aggiunta manutenzione riuscita con successo!
2024-01-30 14:43:41,015 INFO main main_info - Punto di emissioneDistributoriAutomatici{in_servizio=true}aggiunto
2024-01-30 14:43:41,048 INFO main main_info - Tessera aggiunta
2024-01-30 14:43:41,062 INFO main main_info - Aggiunta del mezzo riuscita con successo!
2024-01-30 14:43:41,076 INFO main main_info - Aggiunta tratta riuscita con successo!
2024-01-30 14:43:41,131 INFO main main_info - Aggiunta manutenzione riuscita con successo!
2024-01-30 14:59:34,867 INFO main main_info - Punto di emissioneDistributoriAutomatici{in_servizio=true}aggiunto
2024-01-30 14:59:34,898 INFO main main_info - Tessera aggiunta
2024-01-30 14:59:34,926 INFO main main_info - Aggiunta del mezzo riuscita con successo!
2024-01-30 14:59:34,934 INFO main main_info - Aggiunta tratta riuscita con successo!
2024-01-30 14:59:34,994 INFO main main_info - Aggiunta manutenzione riuscita con successo!
2024-01-30 15:30:30,540 INFO main main_info - Aggiunta del mezzo riuscita con successo!
2024-01-30 15:30:30,547 INFO main main_info - Punto di emissioneDistributoriAutomatici{in_servizio=true}aggiunto
2024-01-30 15:30:30,575 INFO main main_info - Tessera aggiunta
2024-01-30 15:30:30,657 INFO main main_info - Biglietto aggiornato!
2024-01-30 15:30:30,663 INFO main main_info - Mezzo aggiornato!
2024-01-30 15:30:30,671 INFO main main_info - Aggiunta tratta riuscita con successo!
2024-01-30 15:30:30,732 INFO main main_info - Aggiunta manutenzione riuscita con successo!
2024-01-30 15:33:38,798 INFO main main_info - Aggiunta del mezzo riuscita con successo!
2024-01-30 15:33:38,805 INFO main main_info - Punto di emissioneDistributoriAutomatici{in_servizio=true}aggiunto
2024-01-30 15:33:38,831 INFO main main_info - Tessera aggiunta
2024-01-30 15:33:38,858 INFO main main_info - Biglietto aggiornato!
2024-01-30 15:33:38,862 INFO main main_info - Mezzo aggiornato!
2024-01-30 15:33:38,869 INFO main main_info - Aggiunta tratta riuscita con successo!
2024-01-30 15:33:38,932 INFO main main_info - Aggiunta manutenzione riuscita con successo!
2024-01-30 15:44:24,188 INFO main main_info - Aggiunta del mezzo riuscita con successo!
2024-01-30 15:44:24,197 INFO main main_info - Punto di emissioneDistributoriAutomatici{in_servizio=true}aggiunto
2024-01-30 15:44:24,223 INFO main main_info - Tessera aggiunta
2024-01-30 15:44:24,255 INFO main main_info - Biglietto aggiornato!
2024-01-30 15:44:24,260 INFO main main_info - Mezzo aggiornato!
2024-01-30 15:44:24,269 INFO main main_info - Aggiunta tratta riuscita con successo!
2024-01-30 15:44:24,333 INFO main main_info - Aggiunta manutenzione riuscita con successo!
2024-01-30 15:44:24,336 INFO main main_info - Distributore aggiornato!
2024-01-30 15:53:45,749 INFO main main_info - Aggiunta del mezzo riuscita con successo!
2024-01-30 15:53:45,756 INFO main main_info - Punto di emissioneDistributoriAutomatici{in_servizio=true}aggiunto
2024-01-30 15:53:45,766 INFO main main_info - Utente aggiunto correttamente
2024-01-30 15:53:45,776 INFO main main_info - Tessera aggiunta
2024-01-30 15:53:45,783 INFO main main_info - Tickets aggiunto
2024-01-30 15:53:45,790 INFO main main_info - Tickets aggiunto
2024-01-30 15:53:45,805 INFO main main_info - Biglietto aggiornato!
2024-01-30 15:53:45,810 INFO main main_info - Mezzo aggiornato!
2024-01-30 15:53:45,818 INFO main main_info - Aggiunta tratta riuscita con successo!
2024-01-30 15:53:45,873 INFO main main_info - Aggiunta manutenzione riuscita con successo!
2024-01-30 15:53:45,877 INFO main main_info - Distributore aggiornato!
2024-01-30 17:10:54,753 INFO main main_info - Aggiunta del mezzo riuscita con successo!
2024-01-30 17:10:54,760 INFO main main_info - Punto di emissioneDistributoriAutomatici{in_servizio=true}aggiunto
2024-01-30 17:10:54,790 INFO main main_info - Tickets aggiunto
2024-01-30 17:10:54,801 INFO main main_info - Aggiunta del mezzo riuscita con successo!
2024-01-30 17:10:54,809 INFO main main_info - Aggiunta tratta riuscita con successo!
2024-01-30 17:10:54,867 INFO main main_info - Aggiunta manutenzione riuscita con successo!
2024-01-30 17:14:26,297 INFO main main_info - Aggiunta del mezzo riuscita con successo!
2024-01-30 17:14:26,305 INFO main main_info - Punto di emissioneDistributoriAutomatici{in_servizio=true}aggiunto
2024-01-30 17:14:26,339 INFO main main_info - Tickets aggiunto
2024-01-30 17:14:26,349 INFO main main_info - Aggiunta del mezzo riuscita con successo!
2024-01-30 17:14:26,357 INFO main main_info - Aggiunta tratta riuscita con successo!
2024-01-30 17:14:26,411 INFO main main_info - Aggiunta manutenzione riuscita con successo!
2024-01-30 17:19:03,662 INFO main main_info - Aggiunta del mezzo riuscita con successo!
2024-01-30 17:19:03,668 INFO main main_info - Punto di emissioneDistributoriAutomatici{in_servizio=true}aggiunto
2024-01-30 17:19:03,703 INFO main main_info - Tickets aggiunto
2024-01-30 17:19:03,714 INFO main main_info - Aggiunta del mezzo riuscita con successo!
2024-01-30 17:19:03,725 INFO main main_info - Aggiunta tratta riuscita con successo!
2024-01-30 17:19:03,792 INFO main main_info - Aggiunta manutenzione riuscita con successo!
2024-01-30 17:25:32,383 INFO main main_info - Aggiunta del mezzo riuscita con successo!
2024-01-30 17:25:32,389 INFO main main_info - Punto di emissioneDistributoriAutomatici{in_servizio=true}aggiunto
2024-01-30 17:25:32,431 INFO main main_info - Tickets aggiunto
2024-01-30 17:25:32,442 INFO main main_info - Aggiunta del mezzo riuscita con successo!
2024-01-30 17:25:32,450 INFO main main_info - Aggiunta tratta riuscita con successo!
2024-01-30 17:25:32,521 INFO main main_info - Aggiunta manutenzione riuscita con successo!
2024-01-30 17:26:37,422 INFO main main_info - Aggiunta del mezzo riuscita con successo!
2024-01-30 17:26:37,428 INFO main main_info - Punto di emissioneDistributoriAutomatici{in_servizio=true}aggiunto
2024-01-30 17:26:37,436 INFO main main_info - Utente aggiunto correttamente
2024-01-30 17:26:37,452 INFO main main_info - Tessera aggiunta
2024-01-30 17:26:37,458 INFO main main_info - Tickets aggiunto
2024-01-30 17:26:37,465 INFO main main_info - Tickets aggiunto
2024-01-30 17:26:37,479 INFO main main_info - Tickets aggiunto
2024-01-30 17:26:37,483 INFO main main_info - Aggiunta del mezzo riuscita con successo!
2024-01-30 17:26:37,489 INFO main main_info - Aggiunta tratta riuscita con successo!
2024-01-30 17:26:37,543 INFO main main_info - Aggiunta manutenzione riuscita con successo!
2024-01-30 17:28:02,516 INFO main main_info - Aggiunta del mezzo riuscita con successo!
2024-01-30 17:28:02,522 INFO main main_info - Punto di emissioneDistributoriAutomatici{in_servizio=true}aggiunto
2024-01-30 17:28:02,557 INFO main main_info - Tickets aggiunto
2024-01-30 17:28:02,570 INFO main main_info - Aggiunta del mezzo riuscita con successo!
2024-01-30 17:28:02,579 INFO main main_info - Aggiunta tratta riuscita con successo!
2024-01-30 17:28:02,640 INFO main main_info - Aggiunta manutenzione riuscita con successo!
2024-01-30 17:31:20,394 INFO main main_info - Aggiunta del mezzo riuscita con successo!
2024-01-30 17:31:20,402 INFO main main_info - Punto di emissioneDistributoriAutomatici{in_servizio=true}aggiunto
2024-01-30 17:31:20,422 INFO main main_info - Tickets aggiunto
2024-01-30 17:31:20,443 INFO main main_info - Aggiunta del mezzo riuscita con successo!
2024-01-30 17:31:20,453 INFO main main_info - Aggiunta tratta riuscita con successo!
2024-01-30 17:31:20,522 INFO main main_info - Aggiunta manutenzione riuscita con successo!
2024-01-30 17:31:20,552 INFO main main_info - Utente aggiunto correttamente
2024-01-30 17:32:02,986 INFO main main_info - Aggiunta del mezzo riuscita con successo!
2024-01-30 17:32:02,992 INFO main main_info - Punto di emissioneDistributoriAutomatici{in_servizio=true}aggiunto
2024-01-30 17:32:03,001 INFO main main_info - Utente aggiunto correttamente
2024-01-30 17:32:03,010 INFO main main_info - Tessera aggiunta
2024-01-30 17:32:03,017 INFO main main_info - Tickets aggiunto
2024-01-30 17:32:03,024 INFO main main_info - Tickets aggiunto
2024-01-30 17:32:03,038 INFO main main_info - Tickets aggiunto
2024-01-30 17:32:03,042 INFO main main_info - Aggiunta del mezzo riuscita con successo!
2024-01-30 17:32:03,048 INFO main main_info - Aggiunta tratta riuscita con successo!
2024-01-30 17:32:03,106 INFO main main_info - Aggiunta manutenzione riuscita con successo!
2024-01-30 17:34:16,718 INFO main main_info - Aggiunta del mezzo riuscita con successo!
2024-01-30 17:34:16,725 INFO main main_info - Punto di emissioneDistributoriAutomatici{in_servizio=true}aggiunto
2024-01-30 17:34:16,732 INFO main main_info - Utente aggiunto correttamente
2024-01-30 17:34:16,738 INFO main main_info - Tessera aggiunta
2024-01-30 17:34:16,749 INFO main main_info - Tickets aggiunto
2024-01-30 17:34:16,756 INFO main main_info - Tickets aggiunto
2024-01-30 17:34:16,767 INFO main main_info - Tickets aggiunto
2024-01-30 17:34:16,770 INFO main main_info - Aggiunta del mezzo riuscita con successo!
2024-01-30 17:34:16,778 INFO main main_info - Aggiunta tratta riuscita con successo!
2024-01-30 17:34:16,833 INFO main main_info - Aggiunta manutenzione riuscita con successo!
2024-01-30 17:38:07,308 INFO main main_info - Aggiunta del mezzo riuscita con successo!
2024-01-30 17:38:07,318 INFO main main_info - Punto di emissioneDistributoriAutomatici{in_servizio=true}aggiunto
2024-01-30 17:38:07,327 INFO main main_info - Utente aggiunto correttamente
2024-01-30 17:38:07,336 INFO main main_info - Tessera aggiunta
2024-01-30 17:38:07,343 INFO main main_info - Tickets aggiunto
2024-01-30 17:38:07,353 INFO main main_info - Tickets aggiunto
2024-01-30 17:38:07,365 INFO main main_info - Tickets aggiunto
2024-01-30 17:38:07,370 INFO main main_info - Aggiunta del mezzo riuscita con successo!
2024-01-30 17:38:07,377 INFO main main_info - Aggiunta tratta riuscita con successo!
2024-01-30 17:38:07,437 INFO main main_info - Aggiunta manutenzione riuscita con successo!
2024-01-30 17:40:24,530 INFO main main_info - Aggiunta del mezzo riuscita con successo!
2024-01-30 17:40:24,537 INFO main main_info - Punto di emissioneDistributoriAutomatici{in_servizio=true}aggiunto
2024-01-30 17:40:24,548 INFO main main_info - Utente aggiunto correttamente
2024-01-30 17:40:24,556 INFO main main_info - Tessera aggiunta
2024-01-30 17:40:24,564 INFO main main_info - Tickets aggiunto
2024-01-30 17:40:24,572 INFO main main_info - Tickets aggiunto
2024-01-30 17:40:24,585 INFO main main_info - Tickets aggiunto
2024-01-30 17:40:24,590 INFO main main_info - Aggiunta del mezzo riuscita con successo!
2024-01-30 17:40:24,598 INFO main main_info - Aggiunta tratta riuscita con successo!
2024-01-30 17:40:24,658 INFO main main_info - Aggiunta manutenzione riuscita con successo!
2024-01-30 17:41:49,676 INFO main main_info - Aggiunta del mezzo riuscita con successo!
2024-01-30 17:41:49,683 INFO main main_info - Punto di emissioneDistributoriAutomatici{in_servizio=true}aggiunto
2024-01-30 17:41:49,693 INFO main main_info - Utente aggiunto correttamente
2024-01-30 17:41:49,700 INFO main main_info - Tessera aggiunta
2024-01-30 17:41:49,706 INFO main main_info - Tickets aggiunto
2024-01-30 17:41:49,713 INFO main main_info - Tickets aggiunto
2024-01-30 17:41:49,726 INFO main main_info - Tickets aggiunto
2024-01-30 17:41:49,730 INFO main main_info - Aggiunta del mezzo riuscita con successo!
2024-01-30 17:41:49,737 INFO main main_info - Aggiunta tratta riuscita con successo!
2024-01-30 17:41:49,792 INFO main main_info - Aggiunta manutenzione riuscita con successo!
2024-01-30 17:55:39,847 INFO main main_info - Aggiunta del mezzo riuscita con successo!
2024-01-30 17:55:39,855 INFO main main_info - Punto di emissioneDistributoriAutomatici{in_servizio=true}aggiunto
2024-01-30 17:55:39,864 INFO main main_info - Utente aggiunto correttamente
2024-01-30 17:55:39,873 INFO main main_info - Tessera aggiunta
2024-01-30 17:55:39,881 INFO main main_info - Tickets aggiunto
2024-01-30 17:55:39,888 INFO main main_info - Tickets aggiunto
2024-01-30 17:55:39,899 INFO main main_info - Tickets aggiunto
2024-01-30 17:55:39,905 INFO main main_info - Aggiunta del mezzo riuscita con successo!
2024-01-30 17:55:39,913 INFO main main_info - Aggiunta tratta riuscita con successo!
2024-01-30 17:55:39,973 INFO main main_info - Aggiunta manutenzione riuscita con successo!
2024-01-31 09:18:25,466 INFO main main_info - Aggiunta del mezzo riuscita con successo!
2024-01-31 09:18:25,474 INFO main main_info - Punto di emissioneDistributoriAutomatici{in_servizio=true}aggiunto
2024-01-31 09:18:25,483 INFO main main_info - Utente aggiunto correttamente
2024-01-31 09:18:25,490 INFO main main_info - Tessera aggiunta
2024-01-31 09:18:25,501 INFO main main_info - Tickets aggiunto
2024-01-31 09:18:25,510 INFO main main_info - Tickets aggiunto
2024-01-31 09:18:25,520 INFO main main_info - Tickets aggiunto
2024-01-31 09:18:25,525 INFO main main_info - Aggiunta del mezzo riuscita con successo!
2024-01-31 09:18:25,536 INFO main main_info - Aggiunta tratta riuscita con successo!
2024-01-31 09:18:25,597 INFO main main_info - Aggiunta manutenzione riuscita con successo!
2024-01-31 09:18:25,602 INFO main main_info - Distributore aggiornato!
2024-01-31 09:27:52,894 INFO main main_info - Aggiunta del mezzo riuscita con successo!
2024-01-31 09:27:52,901 INFO main main_info - Punto di emissioneDistributoriAutomatici{in_servizio=true}aggiunto
2024-01-31 09:27:52,910 INFO main main_info - Utente aggiunto correttamente
2024-01-31 09:27:52,920 INFO main main_info - Tessera aggiunta
2024-01-31 09:27:52,926 INFO main main_info - Tickets aggiunto
2024-01-31 09:27:52,934 INFO main main_info - Tickets aggiunto
2024-01-31 09:27:52,946 INFO main main_info - Tickets aggiunto
2024-01-31 09:27:52,951 INFO main main_info - Aggiunta del mezzo riuscita con successo!
2024-01-31 09:27:52,958 INFO main main_info - Aggiunta tratta riuscita con successo!
2024-01-31 09:27:53,020 INFO main main_info - Aggiunta manutenzione riuscita con successo!
2024-01-31 09:27:53,024 INFO main main_info - Distributore aggiornato!
2024-01-31 09:27:53,024 INFO main main_info - Lancio emissioneAbbonamento effettuato
2024-01-31 09:30:07,446 INFO main main_info - Aggiunta del mezzo riuscita con successo!
2024-01-31 09:30:07,453 INFO main main_info - Punto di emissioneDistributoriAutomatici{in_servizio=true}aggiunto
2024-01-31 09:30:07,462 INFO main main_info - Utente aggiunto correttamente
2024-01-31 09:30:07,470 INFO main main_info - Tessera aggiunta
2024-01-31 09:30:07,481 INFO main main_info - Tickets aggiunto
2024-01-31 09:30:07,492 INFO main main_info - Tickets aggiunto
2024-01-31 09:30:07,504 INFO main main_info - Tickets aggiunto
2024-01-31 09:30:07,510 INFO main main_info - Aggiunta del mezzo riuscita con successo!
2024-01-31 09:30:07,518 INFO main main_info - Aggiunta tratta riuscita con successo!
2024-01-31 09:30:07,573 INFO main main_info - Aggiunta manutenzione riuscita con successo!
2024-01-31 09:30:07,578 INFO main main_info - Distributore aggiornato!
2024-01-31 09:30:07,578 INFO main main_info - Lancio emissioneAbbonamento effettuato
2024-01-31 09:33:16,910 INFO main main_info - Aggiunta del mezzo riuscita con successo!
2024-01-31 09:33:16,917 INFO main main_info - Punto di emissioneDistributoriAutomatici{in_servizio=true}aggiunto
2024-01-31 09:33:16,927 INFO main main_info - Utente aggiunto correttamente
2024-01-31 09:33:16,937 INFO main main_info - Tessera aggiunta
2024-01-31 09:33:16,946 INFO main main_info - Tickets aggiunto
2024-01-31 09:33:16,956 INFO main main_info - Tickets aggiunto
2024-01-31 09:33:16,972 INFO main main_info - Tickets aggiunto
2024-01-31 09:33:16,977 INFO main main_info - Aggiunta del mezzo riuscita con successo!
2024-01-31 09:33:16,986 INFO main main_info - Aggiunta tratta riuscita con successo!
2024-01-31 09:33:17,049 INFO main main_info - Aggiunta manutenzione riuscita con successo!
2024-01-31 09:33:17,052 INFO main main_info - Distributore aggiornato!
2024-01-31 09:38:15,453 INFO main main_info - Lancio emissioneAbbonamento effettuato
2024-01-31 09:39:04,121 INFO main main_info - Aggiunta del mezzo riuscita con successo!
2024-01-31 09:39:04,128 INFO main main_info - Punto di emissioneDistributoriAutomatici{in_servizio=true}aggiunto
2024-01-31 09:39:04,138 INFO main main_info - Utente aggiunto correttamente
2024-01-31 09:39:04,148 INFO main main_info - Tessera aggiunta
2024-01-31 09:39:04,154 INFO main main_info - Tickets aggiunto
2024-01-31 09:39:04,161 INFO main main_info - Tickets aggiunto
2024-01-31 09:39:04,175 INFO main main_info - Tickets aggiunto
2024-01-31 09:39:04,180 INFO main main_info - Aggiunta del mezzo riuscita con successo!
2024-01-31 09:39:04,188 INFO main main_info - Aggiunta tratta riuscita con successo!
2024-01-31 09:39:04,239 INFO main main_info - Aggiunta manutenzione riuscita con successo!
2024-01-31 09:39:04,243 INFO main main_info - Distributore aggiornato!
2024-01-31 09:40:03,235 INFO main main_info - Aggiunta del mezzo riuscita con successo!
2024-01-31 09:40:03,244 INFO main main_info - Punto di emissioneDistributoriAutomatici{in_servizio=true}aggiunto
2024-01-31 09:40:03,252 INFO main main_info - Utente aggiunto correttamente
2024-01-31 09:40:03,259 INFO main main_info - Tessera aggiunta
2024-01-31 09:40:03,266 INFO main main_info - Tickets aggiunto
2024-01-31 09:40:03,275 INFO main main_info - Tickets aggiunto
2024-01-31 09:40:03,287 INFO main main_info - Tickets aggiunto
2024-01-31 09:40:03,291 INFO main main_info - Aggiunta del mezzo riuscita con successo!
2024-01-31 09:40:03,297 INFO main main_info - Aggiunta tratta riuscita con successo!
2024-01-31 09:40:03,353 INFO main main_info - Aggiunta manutenzione riuscita con successo!
2024-01-31 09:40:03,357 INFO main main_info - Distributore aggiornato!
2024-01-31 09:42:39,247 INFO main main_info - Aggiunta del mezzo riuscita con successo!
2024-01-31 09:42:39,253 INFO main main_info - Punto di emissioneDistributoriAutomatici{in_servizio=true}aggiunto
2024-01-31 09:42:39,260 INFO main main_info - Utente aggiunto correttamente
2024-01-31 09:42:39,267 INFO main main_info - Tessera aggiunta
2024-01-31 09:42:39,276 INFO main main_info - Tickets aggiunto
2024-01-31 09:42:39,284 INFO main main_info - Tickets aggiunto
2024-01-31 09:42:39,295 INFO main main_info - Tickets aggiunto
2024-01-31 09:42:39,299 INFO main main_info - Aggiunta del mezzo riuscita con successo!
2024-01-31 09:42:39,309 INFO main main_info - Aggiunta tratta riuscita con successo!
2024-01-31 09:42:39,361 INFO main main_info - Aggiunta manutenzione riuscita con successo!
2024-01-31 09:42:39,364 INFO main main_info - Distributore aggiornato!
2024-01-31 09:42:50,956 INFO main main_info - Aggiunta del mezzo riuscita con successo!
2024-01-31 09:42:50,964 INFO main main_info - Punto di emissioneDistributoriAutomatici{in_servizio=true}aggiunto
2024-01-31 09:42:50,976 INFO main main_info - Utente aggiunto correttamente
2024-01-31 09:42:50,984 INFO main main_info - Tessera aggiunta
2024-01-31 09:42:50,991 INFO main main_info - Tickets aggiunto
2024-01-31 09:42:51,002 INFO main main_info - Tickets aggiunto
2024-01-31 09:42:51,014 INFO main main_info - Tickets aggiunto
2024-01-31 09:42:51,018 INFO main main_info - Aggiunta del mezzo riuscita con successo!
2024-01-31 09:42:51,024 INFO main main_info - Aggiunta tratta riuscita con successo!
2024-01-31 09:42:51,082 INFO main main_info - Aggiunta manutenzione riuscita con successo!
2024-01-31 09:42:51,085 INFO main main_info - Distributore aggiornato!
2024-01-31 09:43:38,557 INFO main main_info - Aggiunta del mezzo riuscita con successo!
2024-01-31 09:43:38,563 INFO main main_info - Punto di emissioneDistributoriAutomatici{in_servizio=true}aggiunto
2024-01-31 09:43:38,575 INFO main main_info - Utente aggiunto correttamente
2024-01-31 09:43:38,583 INFO main main_info - Tessera aggiunta
2024-01-31 09:43:38,590 INFO main main_info - Tickets aggiunto
2024-01-31 09:43:38,599 INFO main main_info - Tickets aggiunto
2024-01-31 09:43:38,613 INFO main main_info - Tickets aggiunto
2024-01-31 09:43:38,618 INFO main main_info - Aggiunta del mezzo riuscita con successo!
2024-01-31 09:43:38,625 INFO main main_info - Aggiunta tratta riuscita con successo!
2024-01-31 09:43:38,684 INFO main main_info - Aggiunta manutenzione riuscita con successo!
2024-01-31 09:43:38,688 INFO main main_info - Distributore aggiornato!
2024-01-31 09:47:51,615 INFO main main_info - Aggiunta del mezzo riuscita con successo!
2024-01-31 09:47:51,621 INFO main main_info - Punto di emissioneDistributoriAutomatici{in_servizio=true}aggiunto
2024-01-31 09:47:51,629 INFO main main_info - Utente aggiunto correttamente
2024-01-31 09:47:51,639 INFO main main_info - Tessera aggiunta
2024-01-31 09:47:51,647 INFO main main_info - Tickets aggiunto
2024-01-31 09:47:51,655 INFO main main_info - Tickets aggiunto
2024-01-31 09:47:51,670 INFO main main_info - Tickets aggiunto
2024-01-31 09:47:51,674 INFO main main_info - Aggiunta del mezzo riuscita con successo!
2024-01-31 09:47:51,681 INFO main main_info - Aggiunta tratta riuscita con successo!
2024-01-31 09:47:51,734 INFO main main_info - Aggiunta manutenzione riuscita con successo!
2024-01-31 09:47:51,739 INFO main main_info - Distributore aggiornato!
2024-01-31 09:49:11,742 INFO main main_info - Aggiunta del mezzo riuscita con successo!
2024-01-31 09:49:11,750 INFO main main_info - Punto di emissioneDistributoriAutomatici{in_servizio=true}aggiunto
2024-01-31 09:49:11,761 INFO main main_info - Utente aggiunto correttamente
2024-01-31 09:49:11,770 INFO main main_info - Tessera aggiunta
2024-01-31 09:49:11,776 INFO main main_info - Tickets aggiunto
2024-01-31 09:49:11,786 INFO main main_info - Tickets aggiunto
2024-01-31 09:49:11,800 INFO main main_info - Tickets aggiunto
2024-01-31 09:49:11,804 INFO main main_info - Aggiunta del mezzo riuscita con successo!
2024-01-31 09:49:11,812 INFO main main_info - Aggiunta tratta riuscita con successo!
2024-01-31 09:49:11,871 INFO main main_info - Aggiunta manutenzione riuscita con successo!
2024-01-31 09:49:11,874 INFO main main_info - Distributore aggiornato!
2024-01-31 09:50:25,802 INFO main main_info - Aggiunta del mezzo riuscita con successo!
2024-01-31 09:50:25,810 INFO main main_info - Punto di emissioneDistributoriAutomatici{in_servizio=true}aggiunto
2024-01-31 09:50:25,817 INFO main main_info - Utente aggiunto correttamente
2024-01-31 09:50:25,827 INFO main main_info - Tessera aggiunta
2024-01-31 09:50:25,835 INFO main main_info - Tickets aggiunto
2024-01-31 09:50:25,843 INFO main main_info - Tickets aggiunto
2024-01-31 09:50:25,853 INFO main main_info - Tickets aggiunto
2024-01-31 09:50:25,861 INFO main main_info - Aggiunta del mezzo riuscita con successo!
2024-01-31 09:50:25,868 INFO main main_info - Aggiunta tratta riuscita con successo!
2024-01-31 09:50:25,925 INFO main main_info - Aggiunta manutenzione riuscita con successo!
2024-01-31 09:50:25,929 INFO main main_info - Distributore aggiornato!
2024-01-31 09:53:02,276 INFO main main_info - Aggiunta del mezzo riuscita con successo!
2024-01-31 09:53:02,284 INFO main main_info - Punto di emissioneDistributoriAutomatici{in_servizio=true}aggiunto
2024-01-31 09:53:02,293 INFO main main_info - Utente aggiunto correttamente
2024-01-31 09:53:02,301 INFO main main_info - Tessera aggiunta
2024-01-31 09:53:02,310 INFO main main_info - Tickets aggiunto
2024-01-31 09:53:02,320 INFO main main_info - Tickets aggiunto
2024-01-31 09:53:02,331 INFO main main_info - Tickets aggiunto
2024-01-31 09:53:02,334 INFO main main_info - Aggiunta del mezzo riuscita con successo!
2024-01-31 09:53:02,342 INFO main main_info - Aggiunta tratta riuscita con successo!
2024-01-31 09:53:02,396 INFO main main_info - Aggiunta manutenzione riuscita con successo!
2024-01-31 09:53:02,399 INFO main main_info - Distributore aggiornato!
2024-01-31 09:53:02,426 INFO main main_info - Abbonamento emesso correttamente
2024-01-31 09:53:02,432 INFO main main_info - Tickets aggiunto
2024-01-31 09:53:02,432 INFO main main_info - Lancio emissioneAbbonamento effettuato
2024-01-31 10:01:13,477 INFO main main_info - Aggiunta del mezzo riuscita con successo!
2024-01-31 10:01:13,485 INFO main main_info - Punto di emissioneDistributoriAutomatici{in_servizio=true}aggiunto
2024-01-31 10:01:13,493 INFO main main_info - Utente aggiunto correttamente
2024-01-31 10:01:13,499 INFO main main_info - Tessera aggiunta
2024-01-31 10:01:13,507 INFO main main_info - Tickets aggiunto
2024-01-31 10:01:13,515 INFO main main_info - Tickets aggiunto
2024-01-31 10:01:13,526 INFO main main_info - Tickets aggiunto
2024-01-31 10:01:13,529 INFO main main_info - Aggiunta del mezzo riuscita con successo!
2024-01-31 10:01:13,537 INFO main main_info - Aggiunta tratta riuscita con successo!
2024-01-31 10:01:13,593 INFO main main_info - Aggiunta manutenzione riuscita con successo!
2024-01-31 10:01:13,596 INFO main main_info - Distributore aggiornato!
2024-01-31 10:02:25,239 INFO main main_info - Aggiunta del mezzo riuscita con successo!
2024-01-31 10:02:25,249 INFO main main_info - Punto di emissioneDistributoriAutomatici{in_servizio=true}aggiunto
2024-01-31 10:02:25,257 INFO main main_info - Utente aggiunto correttamente
2024-01-31 10:02:25,265 INFO main main_info - Tessera aggiunta
2024-01-31 10:02:25,272 INFO main main_info - Tickets aggiunto
2024-01-31 10:02:25,281 INFO main main_info - Tickets aggiunto
2024-01-31 10:02:25,291 INFO main main_info - Tickets aggiunto
2024-01-31 10:02:25,294 INFO main main_info - Aggiunta del mezzo riuscita con successo!
2024-01-31 10:02:25,300 INFO main main_info - Aggiunta tratta riuscita con successo!
2024-01-31 10:02:25,352 INFO main main_info - Aggiunta manutenzione riuscita con successo!
2024-01-31 10:02:25,355 INFO main main_info - Distributore aggiornato!
2024-01-31 10:05:27,304 INFO main main_info - Aggiunta del mezzo riuscita con successo!
2024-01-31 10:05:27,310 INFO main main_info - Punto di emissioneDistributoriAutomatici{in_servizio=true}aggiunto
2024-01-31 10:05:27,317 INFO main main_info - Utente aggiunto correttamente
2024-01-31 10:05:27,328 INFO main main_info - Tessera aggiunta
2024-01-31 10:05:27,335 INFO main main_info - Tickets aggiunto
2024-01-31 10:05:27,344 INFO main main_info - Tickets aggiunto
2024-01-31 10:05:27,357 INFO main main_info - Tickets aggiunto
2024-01-31 10:05:27,362 INFO main main_info - Aggiunta del mezzo riuscita con successo!
2024-01-31 10:05:27,369 INFO main main_info - Aggiunta tratta riuscita con successo!
2024-01-31 10:05:27,420 INFO main main_info - Aggiunta manutenzione riuscita con successo!
2024-01-31 10:05:27,425 INFO main main_info - Distributore aggiornato!
2024-01-31 10:05:27,442 INFO main main_info - Abbonamento emesso correttamente
2024-01-31 10:05:27,448 INFO main main_info - Tickets aggiunto
2024-01-31 10:05:27,448 INFO main main_info - Lancio emissioneAbbonamento effettuato
2024-01-31 10:07:30,075 INFO main main_info - Aggiunta del mezzo riuscita con successo!
2024-01-31 10:07:30,083 INFO main main_info - Punto di emissioneDistributoriAutomatici{in_servizio=true}aggiunto
2024-01-31 10:07:30,094 INFO main main_info - Utente aggiunto correttamente
2024-01-31 10:07:30,101 INFO main main_info - Tessera aggiunta
2024-01-31 10:07:30,108 INFO main main_info - Tickets aggiunto
2024-01-31 10:07:30,130 INFO main main_info - Aggiunta del mezzo riuscita con successo!
2024-01-31 10:07:30,138 INFO main main_info - Aggiunta tratta riuscita con successo!
2024-01-31 10:07:30,199 INFO main main_info - Aggiunta manutenzione riuscita con successo!
2024-01-31 10:07:30,210 INFO main main_info - Distributore aggiornato!
2024-01-31 10:07:30,236 INFO main main_info - Abbonamento emesso correttamente
2024-01-31 10:07:30,237 INFO main main_info - Lancio emissioneAbbonamento effettuato
2024-01-31 10:08:18,375 INFO main main_info - Aggiunta del mezzo riuscita con successo!
2024-01-31 10:08:18,384 INFO main main_info - Punto di emissioneDistributoriAutomatici{in_servizio=true}aggiunto
2024-01-31 10:08:18,394 INFO main main_info - Utente aggiunto correttamente
2024-01-31 10:08:18,402 INFO main main_info - Tessera aggiunta
2024-01-31 10:08:18,408 INFO main main_info - Tickets aggiunto
2024-01-31 10:08:18,416 INFO main main_info - Tickets aggiunto
2024-01-31 10:08:18,430 INFO main main_info - Tickets aggiunto
2024-01-31 10:08:18,435 INFO main main_info - Aggiunta del mezzo riuscita con successo!
2024-01-31 10:08:18,441 INFO main main_info - Aggiunta tratta riuscita con successo!
2024-01-31 10:08:18,494 INFO main main_info - Aggiunta manutenzione riuscita con successo!
2024-01-31 10:08:18,498 INFO main main_info - Distributore aggiornato!
2024-01-31 10:08:18,518 INFO main main_info - Abbonamento emesso correttamente
2024-01-31 10:08:18,526 INFO main main_info - Tickets aggiunto
2024-01-31 10:08:18,526 INFO main main_info - Lancio emissioneAbbonamento effettuato
2024-01-31 10:16:30,534 INFO main main_info - Aggiunta del mezzo riuscita con successo!
2024-01-31 10:16:30,541 INFO main main_info - Punto di emissioneDistributoriAutomatici{in_servizio=true}aggiunto
2024-01-31 10:16:30,549 INFO main main_info - Utente aggiunto correttamente
2024-01-31 10:16:30,558 INFO main main_info - Tessera aggiunta
2024-01-31 10:16:30,566 INFO main main_info - Tickets aggiunto
2024-01-31 10:16:30,577 INFO main main_info - Tickets aggiunto
2024-01-31 10:16:30,582 INFO main main_info - Aggiunta del mezzo riuscita con successo!
2024-01-31 10:16:30,592 INFO main main_info - Aggiunta tratta riuscita con successo!
2024-01-31 10:16:30,649 INFO main main_info - Aggiunta manutenzione riuscita con successo!
2024-01-31 10:16:30,655 INFO main main_info - Distributore aggiornato!
2024-01-31 10:16:30,675 INFO main main_info - Abbonamento emesso correttamente
2024-01-31 10:16:30,683 INFO main main_info - Tickets aggiunto
2024-01-31 10:16:30,683 INFO main main_info - Lancio emissioneAbbonamento effettuato
2024-01-31 10:23:11,203 INFO main main_info - Aggiunta del mezzo riuscita con successo!
2024-01-31 10:23:11,209 INFO main main_info - Punto di emissioneDistributoriAutomatici{in_servizio=true}aggiunto
2024-01-31 10:23:11,219 INFO main main_info - Utente aggiunto correttamente
2024-01-31 10:23:11,228 INFO main main_info - Tessera aggiunta
2024-01-31 10:23:11,236 INFO main main_info - Tickets aggiunto
2024-01-31 10:23:11,249 INFO main main_info - Tickets aggiunto
2024-01-31 10:23:11,254 INFO main main_info - Aggiunta del mezzo riuscita con successo!
2024-01-31 10:23:11,262 INFO main main_info - Aggiunta tratta riuscita con successo!
2024-01-31 10:23:11,315 INFO main main_info - Aggiunta manutenzione riuscita con successo!
2024-01-31 10:23:11,319 INFO main main_info - Distributore aggiornato!
2024-01-31 10:23:11,336 INFO main main_info - Abbonamento emesso correttamente
2024-01-31 10:23:11,344 INFO main main_info - Tickets aggiunto
2024-01-31 10:23:11,345 INFO main main_info - Lancio emissioneAbbonamento effettuato
2024-01-31 10:24:06,246 INFO main main_info - Aggiunta del mezzo riuscita con successo!
2024-01-31 10:24:06,252 INFO main main_info - Punto di emissioneDistributoriAutomatici{in_servizio=true}aggiunto
2024-01-31 10:24:06,262 INFO main main_info - Utente aggiunto correttamente
2024-01-31 10:24:06,269 INFO main main_info - Tessera aggiunta
2024-01-31 10:24:06,275 INFO main main_info - Tickets aggiunto
2024-01-31 10:24:06,284 INFO main main_info - Tickets aggiunto
2024-01-31 10:24:06,289 INFO main main_info - Aggiunta del mezzo riuscita con successo!
2024-01-31 10:24:06,298 INFO main main_info - Aggiunta tratta riuscita con successo!
2024-01-31 10:24:06,349 INFO main main_info - Aggiunta manutenzione riuscita con successo!
2024-01-31 10:24:06,352 INFO main main_info - Distributore aggiornato!
2024-01-31 10:24:06,371 INFO main main_info - Abbonamento emesso correttamente
2024-01-31 10:24:06,377 INFO main main_info - Tickets aggiunto
2024-01-31 10:24:06,377 INFO main main_info - Lancio emissioneAbbonamento effettuato
2024-01-31 10:25:09,874 INFO main main_info - Aggiunta del mezzo riuscita con successo!
2024-01-31 10:25:09,882 INFO main main_info - Punto di emissioneDistributoriAutomatici{in_servizio=true}aggiunto
2024-01-31 10:25:09,894 INFO main main_info - Utente aggiunto correttamente
2024-01-31 10:25:09,904 INFO main main_info - Tessera aggiunta
2024-01-31 10:25:09,912 INFO main main_info - Tickets aggiunto
2024-01-31 10:25:09,929 INFO main main_info - Tickets aggiunto
2024-01-31 10:25:09,935 INFO main main_info - Aggiunta del mezzo riuscita con successo!
2024-01-31 10:25:09,943 INFO main main_info - Aggiunta tratta riuscita con successo!
2024-01-31 10:25:10,005 INFO main main_info - Aggiunta manutenzione riuscita con successo!
2024-01-31 10:25:10,008 INFO main main_info - Distributore aggiornato!
2024-01-31 10:31:19,856 INFO main main_info - Abbonamento emesso correttamente
2024-01-31 10:31:19,867 INFO main main_info - Tickets aggiunto
2024-01-31 10:31:19,867 INFO main main_info - Lancio emissioneAbbonamento effettuato
2024-01-31 10:31:31,739 INFO main main_info - Aggiunta del mezzo riuscita con successo!
2024-01-31 10:31:31,747 INFO main main_info - Punto di emissioneDistributoriAutomatici{in_servizio=true}aggiunto
2024-01-31 10:31:31,760 INFO main main_info - Utente aggiunto correttamente
2024-01-31 10:31:31,783 INFO main main_info - Tessera aggiunta
2024-01-31 10:31:31,800 INFO main main_info - Tickets aggiunto
2024-01-31 10:31:31,835 INFO main main_info - Tickets aggiunto
2024-01-31 10:31:31,841 INFO main main_info - Aggiunta del mezzo riuscita con successo!
2024-01-31 10:31:31,853 INFO main main_info - Aggiunta tratta riuscita con successo!
2024-01-31 10:31:31,928 INFO main main_info - Aggiunta manutenzione riuscita con successo!
2024-01-31 10:31:31,931 INFO main main_info - Distributore aggiornato!
2024-01-31 10:32:51,560 INFO main main_info - Aggiunta del mezzo riuscita con successo!
2024-01-31 10:32:51,567 INFO main main_info - Punto di emissioneDistributoriAutomatici{in_servizio=true}aggiunto
2024-01-31 10:32:51,578 INFO main main_info - Utente aggiunto correttamente
2024-01-31 10:32:51,588 INFO main main_info - Tessera aggiunta
2024-01-31 10:32:51,597 INFO main main_info - Tickets aggiunto
2024-01-31 10:32:51,612 INFO main main_info - Tickets aggiunto
2024-01-31 10:32:51,617 INFO main main_info - Aggiunta del mezzo riuscita con successo!
2024-01-31 10:32:51,626 INFO main main_info - Aggiunta tratta riuscita con successo!
2024-01-31 10:32:51,689 INFO main main_info - Aggiunta manutenzione riuscita con successo!
2024-01-31 10:32:51,692 INFO main main_info - Distributore aggiornato!
2024-01-31 10:33:36,718 INFO main main_info - Abbonamento emesso correttamente
2024-01-31 10:33:36,727 INFO main main_info - Tickets aggiunto
2024-01-31 10:33:36,727 INFO main main_info - Lancio emissioneAbbonamento effettuato
2024-01-31 10:37:10,918 INFO main main_info - Aggiunta del mezzo riuscita con successo!
2024-01-31 10:37:10,926 INFO main main_info - Punto di emissioneDistributoriAutomatici{in_servizio=true}aggiunto
2024-01-31 10:37:10,935 INFO main main_info - Utente aggiunto correttamente
2024-01-31 10:37:10,942 INFO main main_info - Tessera aggiunta
2024-01-31 10:37:10,950 INFO main main_info - Tickets aggiunto
2024-01-31 10:37:10,966 INFO main main_info - Tickets aggiunto
2024-01-31 10:37:10,971 INFO main main_info - Aggiunta del mezzo riuscita con successo!
2024-01-31 10:37:10,977 INFO main main_info - Aggiunta tratta riuscita con successo!
2024-01-31 10:37:11,041 INFO main main_info - Aggiunta manutenzione riuscita con successo!
2024-01-31 10:37:11,045 INFO main main_info - Distributore aggiornato!
2024-01-31 10:37:11,075 INFO main main_info - Abbonamento emesso correttamente
2024-01-31 10:37:11,086 INFO main main_info - Tickets aggiunto
2024-01-31 10:37:11,087 INFO main main_info - Lancio emissioneAbbonamento effettuato
2024-01-31 10:38:49,402 INFO main main_info - Aggiunta del mezzo riuscita con successo!
2024-01-31 10:38:49,410 INFO main main_info - Punto di emissioneDistributoriAutomatici{in_servizio=true}aggiunto
2024-01-31 10:38:49,420 INFO main main_info - Utente aggiunto correttamente
2024-01-31 10:38:49,426 INFO main main_info - Tessera aggiunta
2024-01-31 10:38:49,436 INFO main main_info - Tickets aggiunto
2024-01-31 10:38:49,449 INFO main main_info - Tickets aggiunto
2024-01-31 10:38:49,455 INFO main main_info - Aggiunta del mezzo riuscita con successo!
2024-01-31 10:38:49,462 INFO main main_info - Aggiunta tratta riuscita con successo!
2024-01-31 10:38:49,520 INFO main main_info - Aggiunta manutenzione riuscita con successo!
2024-01-31 10:38:49,523 INFO main main_info - Distributore aggiornato!
2024-01-31 10:38:49,527 INFO main main_info - Tessera aggiunta
2024-01-31 10:38:49,581 INFO main main_info - Abbonamento emesso correttamente
2024-01-31 10:38:49,615 INFO main main_info - Tickets aggiunto
2024-01-31 10:38:49,615 INFO main main_info - Lancio emissioneAbbonamento effettuato
2024-01-31 10:39:55,784 INFO main main_info - Aggiunta del mezzo riuscita con successo!
2024-01-31 10:39:55,791 INFO main main_info - Punto di emissioneDistributoriAutomatici{in_servizio=true}aggiunto
2024-01-31 10:39:55,798 INFO main main_info - Utente aggiunto correttamente
2024-01-31 10:39:55,807 INFO main main_info - Tessera aggiunta
2024-01-31 10:39:55,815 INFO main main_info - Tickets aggiunto
2024-01-31 10:39:55,827 INFO main main_info - Tickets aggiunto
2024-01-31 10:39:55,834 INFO main main_info - Aggiunta del mezzo riuscita con successo!
2024-01-31 10:39:55,845 INFO main main_info - Aggiunta tratta riuscita con successo!
2024-01-31 10:39:55,902 INFO main main_info - Aggiunta manutenzione riuscita con successo!
2024-01-31 10:39:55,908 INFO main main_info - Distributore aggiornato!
2024-01-31 10:39:55,914 INFO main main_info - Tessera aggiunta
2024-01-31 10:44:12,764 INFO main main_info - Abbonamento emesso correttamente
2024-01-31 10:44:21,614 INFO main main_info - Aggiunta del mezzo riuscita con successo!
2024-01-31 10:44:21,621 INFO main main_info - Punto di emissioneDistributoriAutomatici{in_servizio=true}aggiunto
2024-01-31 10:44:21,630 INFO main main_info - Utente aggiunto correttamente
2024-01-31 10:44:21,638 INFO main main_info - Tessera aggiunta
2024-01-31 10:44:21,649 INFO main main_info - Tickets aggiunto
2024-01-31 10:44:21,660 INFO main main_info - Tickets aggiunto
2024-01-31 10:44:21,664 INFO main main_info - Aggiunta del mezzo riuscita con successo!
2024-01-31 10:44:21,672 INFO main main_info - Aggiunta tratta riuscita con successo!
2024-01-31 10:44:21,727 INFO main main_info - Aggiunta manutenzione riuscita con successo!
2024-01-31 10:44:21,730 INFO main main_info - Distributore aggiornato!
2024-01-31 10:44:21,762 INFO main main_info - Abbonamento emesso correttamente
2024-01-31 10:44:21,771 INFO main main_info - Tickets aggiunto
2024-01-31 10:44:21,771 INFO main main_info - Lancio emissioneAbbonamento effettuato
2024-01-31 10:45:03,895 INFO main main_info - Aggiunta del mezzo riuscita con successo!
2024-01-31 10:45:03,903 INFO main main_info - Punto di emissioneDistributoriAutomatici{in_servizio=true}aggiunto
2024-01-31 10:45:03,916 INFO main main_info - Utente aggiunto correttamente
2024-01-31 10:45:03,924 INFO main main_info - Tessera aggiunta
2024-01-31 10:45:03,931 INFO main main_info - Tickets aggiunto
2024-01-31 10:45:03,947 INFO main main_info - Tickets aggiunto
2024-01-31 10:45:03,953 INFO main main_info - Aggiunta del mezzo riuscita con successo!
2024-01-31 10:45:03,960 INFO main main_info - Aggiunta tratta riuscita con successo!
2024-01-31 10:45:04,020 INFO main main_info - Aggiunta manutenzione riuscita con successo!
2024-01-31 10:45:04,024 INFO main main_info - Distributore aggiornato!
2024-01-31 10:47:04,790 INFO main main_info - Aggiunta del mezzo riuscita con successo!
2024-01-31 10:47:04,797 INFO main main_info - Punto di emissioneDistributoriAutomatici{in_servizio=true}aggiunto
2024-01-31 10:47:04,807 INFO main main_info - Utente aggiunto correttamente
2024-01-31 10:47:04,817 INFO main main_info - Tessera aggiunta
2024-01-31 10:47:04,825 INFO main main_info - Tickets aggiunto
2024-01-31 10:47:04,836 INFO main main_info - Tickets aggiunto
2024-01-31 10:47:04,840 INFO main main_info - Aggiunta del mezzo riuscita con successo!
2024-01-31 10:47:04,851 INFO main main_info - Aggiunta tratta riuscita con successo!
2024-01-31 10:47:04,907 INFO main main_info - Aggiunta manutenzione riuscita con successo!
2024-01-31 10:47:04,910 INFO main main_info - Distributore aggiornato!
2024-01-31 10:47:04,952 INFO main main_info - Abbonamento emesso correttamente
2024-01-31 10:47:04,965 INFO main main_info - Tickets aggiunto
2024-01-31 10:47:04,966 INFO main main_info - Lancio emissioneAbbonamento effettuato
2024-01-31 10:48:18,243 INFO main main_info - Aggiunta del mezzo riuscita con successo!
2024-01-31 10:48:18,252 INFO main main_info - Punto di emissioneDistributoriAutomatici{in_servizio=true}aggiunto
2024-01-31 10:48:18,260 INFO main main_info - Utente aggiunto correttamente
2024-01-31 10:48:18,268 INFO main main_info - Tessera aggiunta
2024-01-31 10:48:18,278 INFO main main_info - Tickets aggiunto
2024-01-31 10:48:18,293 INFO main main_info - Tickets aggiunto
2024-01-31 10:48:18,297 INFO main main_info - Aggiunta del mezzo riuscita con successo!
2024-01-31 10:48:18,306 INFO main main_info - Aggiunta tratta riuscita con successo!
2024-01-31 10:48:18,370 INFO main main_info - Aggiunta manutenzione riuscita con successo!
2024-01-31 10:48:18,376 INFO main main_info - Distributore aggiornato!
2024-01-31 10:50:57,353 INFO main main_info - Abbonamento emesso correttamente
2024-01-31 10:51:06,914 INFO main main_info - Aggiunta del mezzo riuscita con successo!
2024-01-31 10:51:06,920 INFO main main_info - Punto di emissioneDistributoriAutomatici{in_servizio=true}aggiunto
2024-01-31 10:51:06,928 INFO main main_info - Utente aggiunto correttamente
2024-01-31 10:51:06,938 INFO main main_info - Tessera aggiunta
2024-01-31 10:51:06,948 INFO main main_info - Tickets aggiunto
2024-01-31 10:51:06,958 INFO main main_info - Tickets aggiunto
2024-01-31 10:51:06,962 INFO main main_info - Aggiunta del mezzo riuscita con successo!
2024-01-31 10:51:06,969 INFO main main_info - Aggiunta tratta riuscita con successo!
2024-01-31 10:51:07,024 INFO main main_info - Aggiunta manutenzione riuscita con successo!
2024-01-31 10:51:07,028 INFO main main_info - Distributore aggiornato!
2024-01-31 10:57:23,560 INFO main main_info - Aggiunta del mezzo riuscita con successo!
2024-01-31 10:57:23,566 INFO main main_info - Punto di emissioneDistributoriAutomatici{in_servizio=true}aggiunto
2024-01-31 10:57:23,577 INFO main main_info - Utente aggiunto correttamente
2024-01-31 10:57:23,583 INFO main main_info - Tessera aggiunta
2024-01-31 10:57:23,590 INFO main main_info - Tickets aggiunto
2024-01-31 10:57:23,602 INFO main main_info - Tickets aggiunto
2024-01-31 10:57:23,610 INFO main main_info - Aggiunta del mezzo riuscita con successo!
2024-01-31 10:57:23,617 INFO main main_info - Aggiunta tratta riuscita con successo!
2024-01-31 10:57:23,672 INFO main main_info - Aggiunta manutenzione riuscita con successo!
2024-01-31 10:57:23,676 INFO main main_info - Distributore aggiornato!
2024-01-31 10:57:23,705 INFO main main_info - Abbonamento emesso correttamente
2024-01-31 10:57:23,715 INFO main main_info - Tickets aggiunto
2024-01-31 10:57:23,716 INFO main main_info - Lancio emissioneAbbonamento effettuato
