2024-01-30 05:10:54 ERROR main main_error - ERRORE: Utente non aggiunto
2024-01-30 05:10:54 ERROR main main_error - Tessera non aggiunta: ERRORE
2024-01-30 05:10:54 ERROR main main_error - Tickets non aggiunto: ERRORE
2024-01-30 05:10:54 ERROR main main_error - Tickets non aggiunto: ERRORE
2024-01-30 05:14:26 ERROR main main_error - ERRORE: Utente non aggiunto
2024-01-30 05:14:26 ERROR main main_error - Tessera non aggiunta: ERRORE
2024-01-30 05:14:26 ERROR main main_error - Tickets non aggiunto: ERRORE
2024-01-30 05:14:26 ERROR main main_error - Tickets non aggiunto: ERRORE
2024-01-30 05:19:03 ERROR main main_error - ERRORE: Utente non aggiunto
2024-01-30 05:19:03 ERROR main main_error - ERRORE: Utente non aggiunto
2024-01-30 05:19:03 ERROR main main_error - Tessera non aggiunta: ERRORE
2024-01-30 05:19:03 ERROR main main_error - Tickets non aggiunto: ERRORE
2024-01-30 05:19:03 ERROR main main_error - Tickets non aggiunto: ERRORE
2024-01-30 05:25:32 ERROR main main_error - ERRORE: Utente non aggiunto
2024-01-30 05:25:32 ERROR main main_error - ERRORE: Utente non aggiunto
2024-01-30 05:25:32 ERROR main main_error - Tessera non aggiunta: ERRORE
2024-01-30 05:25:32 ERROR main main_error - Tickets non aggiunto: ERRORE
2024-01-30 05:25:32 ERROR main main_error - Tickets non aggiunto: ERRORE
2024-01-30 05:26:37 ERROR main main_error - ERRORE: Utente non aggiunto
2024-01-30 05:28:02 ERROR main main_error - ERRORE: Utente non aggiunto
2024-01-30 05:28:02 ERROR main main_error - Tessera non aggiunta: ERRORE
2024-01-30 05:28:02 ERROR main main_error - Tickets non aggiunto: ERRORE
2024-01-30 05:28:02 ERROR main main_error - Tickets non aggiunto: ERRORE
2024-01-30 05:28:02 ERROR main main_error - ERRORE: Utente non aggiunto
2024-01-30 05:31:20 ERROR main main_error - Tessera non aggiunta: ERRORE
2024-01-30 05:31:20 ERROR main main_error - Tickets non aggiunto: ERRORE
2024-01-30 05:31:20 ERROR main main_error - Tickets non aggiunto: ERRORE
2024-01-31 09:27:53 ERROR main main_error - Abbonamento non emesso : Errore
2024-01-31 09:30:07 ERROR main main_error - Abbonamento non emesso : Errore
2024-01-31 09:38:15 ERROR main main_error - Abbonamento non emesso : Errore
2024-01-31 09:50:25 ERROR main main_error - Errore nel lancio emissioneAbbonamento
2024-01-31 10:01:13 ERROR main main_error - Errore nel lancio emissioneAbbonamento
2024-01-31 10:02:25 ERROR main main_error - Errore nel lancio emissioneAbbonamento
2024-01-31 10:07:30 ERROR main main_error - Tickets non aggiunto: ERRORE
2024-01-31 10:07:30 ERROR main main_error - Tickets non aggiunto: ERRORE
2024-01-31 10:07:30 ERROR main main_error - Tickets non aggiunto: ERRORE
2024-01-31 10:23:11 ERROR main main_error - l'abbonamento incredibilmente non ha la periodicità richiesta, ci scusiamo per il disagio!
2024-01-31 10:31:31 ERROR main main_error - Errore nel lancio emissioneAbbonamento
2024-01-31 10:51:07 ERROR main main_error - Errore nel lancio emissioneAbbonamento
2024-01-31 11:20:18 ERROR main main_error - Errore nel lancio emissioneAbbonamento
2024-01-31 11:47:33 ERROR main main_error - Errore nel lancio emissioneAbbonamento
2024-01-31 11:47:59 ERROR main main_error - Errore nel lancio emissioneAbbonamento
2024-01-31 11:48:50 ERROR main main_error - Abbonamento non emesso : Errore
2024-01-31 12:48:06 ERROR main main_error - Abbonamento non emesso : Errore
2024-01-31 12:48:06 ERROR main main_error - Tessera non ancora scaduta
2024-01-31 12:49:19 ERROR main main_error - Abbonamento non emesso : Errore
2024-01-31 01:16:07 ERROR main main_error - Abbonamento non emesso : Errore
2024-01-31 01:17:58 ERROR main main_error - Abbonamento non emesso : Errore
2024-01-31 01:18:49 ERROR main main_error - Abbonamento non emesso : Errore
2024-01-31 01:18:49 ERROR main main_error - Argument [16] of type [java.lang.Integer] did not match parameter type [entities.Mezzi (n/a)]
2024-01-31 01:23:30 ERROR main main_error - Abbonamento non emesso : Errore
2024-01-31 03:55:48 ERROR main main_error - Abbonamento non emesso : Errore
2024-01-31 03:58:52 ERROR main main_error - Abbonamento non emesso : Errore
2024-01-31 04:00:39 ERROR main main_error - Abbonamento non emesso : Errore
2024-01-31 04:03:03 ERROR main main_error - Abbonamento non emesso : Errore
2024-01-31 04:05:35 ERROR main main_error - Abbonamento non emesso : Errore
2024-01-31 04:14:20 ERROR main main_error - Abbonamento non emesso : Errore
2024-01-31 04:14:55 ERROR main main_error - Abbonamento non emesso : Errore
2024-01-31 04:15:17 ERROR main main_error - Abbonamento non emesso : Errore
2024-01-31 04:15:41 ERROR main main_error - Abbonamento non emesso : Errore
2024-01-31 04:39:23 ERROR main main_error - Abbonamento non emesso : Errore
2024-01-31 04:42:54 ERROR main main_error - Abbonamento non emesso : Errore
2024-01-31 04:44:02 ERROR main main_error - Abbonamento non emesso : Errore
2024-01-31 04:44:16 ERROR main main_error - Abbonamento non emesso : Errore
2024-01-31 04:45:30 ERROR main main_error - Abbonamento non emesso : Errore
2024-01-31 04:53:49 ERROR main main_error - Abbonamento non emesso : Errore
2024-01-31 04:55:12 ERROR main main_error - Abbonamento non emesso : Errore
2024-01-31 05:06:00 ERROR main main_error - Abbonamento non emesso : Errore
2024-01-31 05:16:43 ERROR main main_error - Abbonamento non emesso : Errore
2024-01-31 05:20:47 ERROR main main_error - Abbonamento non emesso : Errore
2024-01-31 05:27:54 ERROR main main_error - Abbonamento non emesso : Errore
2024-02-01 02:04:36 ERROR main main_error - Abbonamento non emesso : Errore
2024-02-01 02:26:32 ERROR main main_error - Abbonamento non emesso : Errore
